<?xml version="1.0" encoding="UTF-8"?>
<testsuite xmlns:xsi="http://www.w3.org/2001/XMLSchema-instance" xsi:noNamespaceSchemaLocation="https://maven.apache.org/surefire/maven-surefire-plugin/xsd/surefire-test-report-3.0.xsd" version="3.0" name="com.example.demo.GestionCrudApplicationTests" time="5.915" tests="1" errors="0" skipped="0" failures="0">
  <properties>
[...]
</properties>
  <testcase name="contextLoads" classname="com.example.demo.GestionCrudApplicationTests" time="0.461">
    <system-out><![CDATA[12:56:19.233 [main] INFO org.springframework.test.context.support.AnnotationConfigContextLoaderUtils -- Could not detect default configuration classes for test class [com.example.demo.GestionCrudApplicationTests]: GestionCrudApplicationTests does not declare any static, non-private, non-final, nested classes annotated with @Configuration.
12:56:19.334 [main] INFO org.springframework.boot.test.context.SpringBootTestContextBootstrapper -- Found @SpringBootConfiguration com.example.GestionCrudApplication for test class com.example.demo.GestionCrudApplicationTests
12:56:19.516 [main] INFO org.springframework.boot.devtools.restart.RestartApplicationListener -- Restart disabled due to context in which it is running

  .   ____          _            __ _ _
 /\\ / ___'_ __ _ _(_)_ __  __ _ \ \ \ \
( ( )\___ | '_ | '_| | '_ \/ _` | \ \ \ \
 \\/  ___)| |_)| | | | | || (_| |  ) ) ) )
  '  |____| .__|_| |_|_| |_\__, | / / / /
 =========|_|==============|___/=/_/_/_/
 :: Spring Boot ::                (v3.2.5)

2024-05-16T12:56:19.736+02:00  INFO 11332 --- [GestionCRUD] [           main] c.e.demo.GestionCrudApplicationTests     : Starting GestionCrudApplicationTests using Java 17.0.10 with PID 11332 (started by JAVA in C:\Users\JAVA\git\inmobiliaria)
2024-05-16T12:56:19.737+02:00  INFO 11332 --- [GestionCRUD] [           main] c.e.demo.GestionCrudApplicationTests     : No active profile set, falling back to 1 default profile: "default"
2024-05-16T12:56:20.548+02:00  INFO 11332 --- [GestionCRUD] [           main] .s.d.r.c.RepositoryConfigurationDelegate : Bootstrapping Spring Data JPA repositories in DEFAULT mode.
2024-05-16T12:56:20.624+02:00  INFO 11332 --- [GestionCRUD] [           main] .s.d.r.c.RepositoryConfigurationDelegate : Finished Spring Data repository scanning in 65 ms. Found 5 JPA repository interfaces.
2024-05-16T12:56:21.167+02:00  INFO 11332 --- [GestionCRUD] [           main] o.hibernate.jpa.internal.util.LogHelper  : HHH000204: Processing PersistenceUnitInfo [name: default]
2024-05-16T12:56:21.230+02:00  INFO 11332 --- [GestionCRUD] [           main] org.hibernate.Version                    : HHH000412: Hibernate ORM core version 6.4.4.Final
2024-05-16T12:56:21.277+02:00  INFO 11332 --- [GestionCRUD] [           main] o.h.c.internal.RegionFactoryInitiator    : HHH000026: Second-level cache disabled
2024-05-16T12:56:21.569+02:00  INFO 11332 --- [GestionCRUD] [           main] o.s.o.j.p.SpringPersistenceUnitInfo      : No LoadTimeWeaver setup: ignoring JPA class transformer
2024-05-16T12:56:21.598+02:00  INFO 11332 --- [GestionCRUD] [           main] com.zaxxer.hikari.HikariDataSource       : HikariPool-1 - Starting...
2024-05-16T12:56:21.932+02:00  INFO 11332 --- [GestionCRUD] [           main] com.zaxxer.hikari.pool.HikariPool        : HikariPool-1 - Added connection com.mysql.cj.jdbc.ConnectionImpl@45424c0
2024-05-16T12:56:21.935+02:00  INFO 11332 --- [GestionCRUD] [           main] com.zaxxer.hikari.HikariDataSource       : HikariPool-1 - Start completed.
2024-05-16T12:56:22.954+02:00  INFO 11332 --- [GestionCRUD] [           main] o.h.e.t.j.p.i.JtaPlatformInitiator       : HHH000489: No JTA platform available (set 'hibernate.transaction.jta.platform' to enable JTA platform integration)
2024-05-16T12:56:23.035+02:00  INFO 11332 --- [GestionCRUD] [           main] j.LocalContainerEntityManagerFactoryBean : Initialized JPA EntityManagerFactory for persistence unit 'default'
Hibernate: insert into usuarios (apellido,email,nombre,password,rol) values (?,?,?,?,?)
Hibernate: insert into usuarios (apellido,email,nombre,password,rol) values (?,?,?,?,?)
Hibernate: insert into usuarios (apellido,email,nombre,password,rol) values (?,?,?,?,?)
2024-05-16T12:56:23.652+02:00  WARN 11332 --- [GestionCRUD] [           main] JpaBaseConfiguration$JpaWebConfiguration : spring.jpa.open-in-view is enabled by default. Therefore, database queries may be performed during view rendering. Explicitly configure spring.jpa.open-in-view to disable this warning
2024-05-16T12:56:23.752+02:00  INFO 11332 --- [GestionCRUD] [           main] o.s.b.a.w.s.WelcomePageHandlerMapping    : Adding welcome page template: index
2024-05-16T12:56:24.014+02:00  INFO 11332 --- [GestionCRUD] [           main] o.s.s.web.DefaultSecurityFilterChain     : Will secure any request with [org.springframework.security.web.session.DisableEncodeUrlFilter@7ef570be, org.springframework.security.web.context.request.async.WebAsyncManagerIntegrationFilter@39329d81, org.springframework.security.web.context.SecurityContextHolderFilter@13ac1657, org.springframework.security.web.header.HeaderWriterFilter@52b2713a, org.springframework.web.filter.CorsFilter@63574d76, org.springframework.security.web.authentication.logout.LogoutFilter@452ea8f0, org.springframework.security.web.authentication.UsernamePasswordAuthenticationFilter@2b3e2039, org.springframework.security.web.savedrequest.RequestCacheAwareFilter@1a557a52, org.springframework.security.web.servletapi.SecurityContextHolderAwareRequestFilter@4ab959e8, org.springframework.security.web.authentication.AnonymousAuthenticationFilter@586a9fe1, org.springframework.security.web.access.ExceptionTranslationFilter@18206382, org.springframework.security.web.access.intercept.AuthorizationFilter@64547a83]
2024-05-16T12:56:24.315+02:00  WARN 11332 --- [GestionCRUD] [           main] .s.s.UserDetailsServiceAutoConfiguration : 

Using generated security password: 2c404654-79ba-4540-ba4d-c482569a0a25

This generated password is for development use only. Your security configuration must be updated before running your application in production.

2024-05-16T12:56:24.367+02:00  INFO 11332 --- [GestionCRUD] [           main] c.e.demo.GestionCrudApplicationTests     : Started GestionCrudApplicationTests in 4.864 seconds (process running for 5.883)
2024-05-16T12:56:24.371+02:00  INFO 11332 --- [GestionCRUD] [           main] com.example.DatabaseChecker              : Comprobando la conexión a la base de datos...
Hibernate: select c1_0.id,c1_0.apellido,c1_0.email,c1_0.nombre from cliente c1_0
2024-05-16T12:56:24.467+02:00  INFO 11332 --- [GestionCRUD] [           main] com.example.DatabaseChecker              : Clientes en la base de datos:
2024-05-16T12:56:24.469+02:00  INFO 11332 --- [GestionCRUD] [           main] com.example.DatabaseChecker              : Cliente(id=1, nombre=Juan, apellido=González, email=juan@email.net)
2024-05-16T12:56:24.470+02:00  INFO 11332 --- [GestionCRUD] [           main] com.example.DatabaseChecker              : Cliente(id=2, nombre=María, apellido=López, email=maria@email.net)
2024-05-16T12:56:24.470+02:00  INFO 11332 --- [GestionCRUD] [           main] com.example.DatabaseChecker              : Cliente(id=3, nombre=Pedro, apellido=Martínez, email=pedro@email.net)
2024-05-16T12:56:24.470+02:00  INFO 11332 --- [GestionCRUD] [           main] com.example.DatabaseChecker              : Cliente(id=4, nombre=Laura, apellido=Sánchez, email=laura@email.net)
2024-05-16T12:56:24.470+02:00  INFO 11332 --- [GestionCRUD] [           main] com.example.DatabaseChecker              : Cliente(id=5, nombre=Carlos, apellido=Ruiz, email=carlos@email.net)
2024-05-16T12:56:24.470+02:00  INFO 11332 --- [GestionCRUD] [           main] com.example.DatabaseChecker              : Comprobación de conexión a la base de datos completada!!!.
2024-05-16T12:56:24.470+02:00  INFO 11332 --- [GestionCRUD] [           main] com.example.DatabaseChecker              : Comprobando la conexión a la base de datos...
Hibernate: select i1_0.id,i1_0.banyos,i1_0.cocina,i1_0.direccion,i1_0.fecha_inmueble,i1_0.habitaciones,i1_0.imagen_url,i1_0.inmueble_texto,i1_0.nombre,i1_0.precio,i1_0.propietario_id,i1_0.tipo from inmueble i1_0
Hibernate: select p1_0.id,p1_0.apellido,p1_0.email,p1_0.nombre from propietarios p1_0 where p1_0.id=?
Hibernate: select p1_0.id,p1_0.apellido,p1_0.email,p1_0.nombre from propietarios p1_0 where p1_0.id=?
Hibernate: select p1_0.id,p1_0.apellido,p1_0.email,p1_0.nombre from propietarios p1_0 where p1_0.id=?
Hibernate: select p1_0.id,p1_0.apellido,p1_0.email,p1_0.nombre from propietarios p1_0 where p1_0.id=?
Hibernate: select p1_0.id,p1_0.apellido,p1_0.email,p1_0.nombre from propietarios p1_0 where p1_0.id=?
2024-05-16T12:56:24.501+02:00  INFO 11332 --- [GestionCRUD] [           main] com.example.DatabaseChecker              : Productos en la base de datos:
2024-05-16T12:56:24.510+02:00  INFO 11332 --- [GestionCRUD] [           main] com.example.DatabaseChecker              : Inmueble(id=1, nombre=Piso en Deusto, direccion=Calle Juan XXIII, 5, inmuebleTexto=Acogedor piso en el corazón de Deusto, cerca de la universidad., fechaInmueble=2023-05-01, imagenUrl=https://picsum.photos/600/600?random=1, precio=200000.00, tipo=Venta, habitaciones=2, banyos=1, cocina=true, propietario=Propietario(id=1, nombre=Javier, apellido=Bardem, email=javier@bardem.com))
2024-05-16T12:56:24.510+02:00  INFO 11332 --- [GestionCRUD] [           main] com.example.DatabaseChecker              : Inmueble(id=2, nombre=Apartamento en Abando, direccion=Plaza Circular, 1, inmuebleTexto=Moderno apartamento con vistas a la plaza principal de Abando., fechaInmueble=2023-06-15, imagenUrl=https://picsum.photos/600/600?random=2, precio=180000.00, tipo=Venta, habitaciones=1, banyos=1, cocina=false, propietario=Propietario(id=2, nombre=Amaia, apellido=Romero, email=amaia@romero.com))
2024-05-16T12:56:24.510+02:00  INFO 11332 --- [GestionCRUD] [           main] com.example.DatabaseChecker              : Inmueble(id=3, nombre=Casa en el Casco Viejo, direccion=Calle Somera, 12, inmuebleTexto=Encantadora casa de estilo tradicional en el corazón del Casco Viejo., fechaInmueble=2023-04-20, imagenUrl=https://picsum.photos/600/600?random=3, precio=350000.00, tipo=Alquiler, habitaciones=3, banyos=2, cocina=true, propietario=Propietario(id=3, nombre=Fernando, apellido=Llorente, email=fernando@llorente.com))
2024-05-16T12:56:24.511+02:00  INFO 11332 --- [GestionCRUD] [           main] com.example.DatabaseChecker              : Inmueble(id=4, nombre=Ático en Indautxu, direccion=Calle Rodríguez Arias, 23, inmuebleTexto=Espectacular ático con amplia terraza en una de las mejores zonas de Indautxu., fechaInmueble=2023-07-10, imagenUrl=https://picsum.photos/600/600?random=4, precio=400000.00, tipo=Venta, habitaciones=4, banyos=2, cocina=true, propietario=Propietario(id=4, nombre=Aritz, apellido=Aduriz, email=aritz@aduriz.com))
2024-05-16T12:56:24.511+02:00  INFO 11332 --- [GestionCRUD] [           main] com.example.DatabaseChecker              : Inmueble(id=5, nombre=Piso en Bilbao La Vieja, direccion=Calle San Francisco, 10, inmuebleTexto=Luminoso piso con vistas al río en el vibrante barrio de Bilbao La Vieja., fechaInmueble=2023-08-05, imagenUrl=https://picsum.photos/600/600?random=5, precio=250000.00, tipo=Alquiler, habitaciones=2, banyos=1, cocina=true, propietario=Propietario(id=5, nombre=Eva, apellido=González, email=eva@gonzalez.com))
2024-05-16T12:56:24.511+02:00  INFO 11332 --- [GestionCRUD] [           main] com.example.DatabaseChecker              : Inmueble(id=7, nombre=Chorizo, direccion=bonito bonito bonito bonito bonito bonito , inmuebleTexto=5gfhdfhjdfxgjdfxfgj  gdfgdfgdfg , fechaInmueble=2023-08-05, imagenUrl=https://picsum.photos/600/600?random=1, precio=4325423523.00, tipo=Venta, habitaciones=5, banyos=5, cocina=false, propietario=Propietario(id=5, nombre=Eva, apellido=González, email=eva@gonzalez.com))
2024-05-16T12:56:24.511+02:00  INFO 11332 --- [GestionCRUD] [           main] com.example.DatabaseChecker              : Inmueble(id=8, nombre=grgsgsg Descubrimiento de nueva especie de dinosaurio en Argentina, direccion=bonito bonito bonito bonito bonito bonito , inmuebleTexto=fxthxthxtrhrth, fechaInmueble=2023-08-05, imagenUrl=https://picsum.photos/600/400/?random=1, precio=34424234.00, tipo=Vivienda, habitaciones=5, banyos=6, cocina=false, propietario=null)
2024-05-16T12:56:24.511+02:00  INFO 11332 --- [GestionCRUD] [           main] com.example.DatabaseChecker              : Inmueble(id=9, nombre=Descubrimiento degdgdgf nueva especie de dinosaurio en Argentina, direccion=bonito bonito bonito bonito bonito bonito , inmuebleTexto=syryyery, fechaInmueble=2023-08-05, imagenUrl=https://picsum.photos/600/400/?random=1, precio=344234235.00, tipo=Alquiler, habitaciones=7, banyos=8, cocina=false, propietario=Propietario(id=3, nombre=Fernando, apellido=Llorente, email=fernando@llorente.com))
2024-05-16T12:56:24.512+02:00  INFO 11332 --- [GestionCRUD] [           main] com.example.DatabaseChecker              : Comprobación 2 de conexión a la base de datos completada!!!.
]]></system-out>
  </testcase>
</testsuite>